Base path: '/Applications/Unity/Hub/Editor/2019.3.10f1/Unity.app/Contents', plugins path '/Applications/Unity/Hub/Editor/2019.3.10f1/PlaybackEngines'
Cmd: initializeCompiler
Cmd: compileComputeKernel
  api=14 insize=12081 outsize=3286 ok=1
Cmd: translateComputeKernel
  api=14 insize=3049 outsize=3276 ok=1
Cmd: translateComputeKernel
  api=14 insize=3470 outsize=4130 ok=1
Cmd: translateComputeKernel
  api=14 insize=3256 outsize=3567 ok=1
Cmd: compileComputeKernel
  api=14 insize=12124 outsize=3103 ok=1
Cmd: compileComputeKernel
  api=14 insize=12124 outsize=3543 ok=1
Cmd: compileComputeKernel
  api=14 insize=12124 outsize=3137 ok=1
Cmd: compileComputeKernel
  api=14 insize=12124 outsize=3282 ok=1
Cmd: translateComputeKernel
  api=14 insize=3173 outsize=4471 ok=1
Cmd: translateComputeKernel
  api=14 insize=3258 outsize=4613 ok=1
Cmd: translateComputeKernel
  api=14 insize=3207 outsize=4520 ok=1
Cmd: translateComputeKernel
  api=14 insize=3352 outsize=4766 ok=1
Cmd: compileComputeKernel
  api=14 insize=19771 outsize=4819 ok=1
Cmd: compileComputeKernel
  api=14 insize=19771 outsize=7377 ok=1
Cmd: translateComputeKernel
  api=14 insize=5017 outsize=8298 ok=1
Cmd: compileComputeKernel
  api=14 insize=59196 outsize=3998 ok=1
Cmd: compileComputeKernel
  api=14 insize=59196 outsize=5276 ok=1
Cmd: compileComputeKernel
  api=14 insize=59196 outsize=4173 ok=1
Cmd: compileComputeKernel
  api=14 insize=59196 outsize=3559 ok=1
Cmd: compileComputeKernel
  api=14 insize=59196 outsize=5643 ok=1
Cmd: compileComputeKernel
  api=14 insize=59196 outsize=3497 ok=1
Cmd: compileComputeKernel
  api=14 insize=59196 outsize=3648 ok=1
Cmd: compileComputeKernel
  api=14 insize=59196 outsize=3487 ok=1
Cmd: compileComputeKernel
  api=14 insize=59196 outsize=3439 ok=1
Cmd: compileComputeKernel
  api=14 insize=59196 outsize=3492 ok=1
Cmd: compileComputeKernel
  api=14 insize=59196 outsize=4047 ok=1
Cmd: compileComputeKernel
  api=14 insize=59196 outsize=4202 ok=1
Cmd: compileComputeKernel
  api=14 insize=59196 outsize=4081 ok=1
Cmd: compileComputeKernel
  api=14 insize=59196 outsize=4226 ok=1
Cmd: compileComputeKernel
  api=14 insize=59196 outsize=3469 ok=1
Cmd: compileComputeKernel
  api=14 insize=59196 outsize=5048 ok=1
Cmd: compileComputeKernel
  api=14 insize=59196 outsize=3908 ok=1
Cmd: translateComputeKernel
  api=14 insize=5498 outsize=6942 ok=1
Cmd: translateComputeKernel
  api=14 insize=5798 outsize=8122 ok=1
Cmd: translateComputeKernel
  api=14 insize=4144 outsize=4156 ok=1
Cmd: translateComputeKernel
  api=14 insize=4240 outsize=4336 ok=1
Cmd: translateComputeKernel
  api=14 insize=6187 outsize=8033 ok=1
Cmd: translateComputeKernel
  api=14 insize=4192 outsize=4038 ok=1
Cmd: translateComputeKernel
  api=14 insize=4138 outsize=3997 ok=1
Cmd: translateComputeKernel
  api=14 insize=4120 outsize=3960 ok=1
Cmd: translateComputeKernel
  api=14 insize=4093 outsize=3921 ok=1
Cmd: translateComputeKernel
  api=14 insize=4137 outsize=3983 ok=1
Cmd: translateComputeKernel
  api=14 insize=4694 outsize=5289 ok=1
Cmd: translateComputeKernel
  api=14 insize=4694 outsize=5289 ok=1
Cmd: translateComputeKernel
  api=14 insize=4694 outsize=5293 ok=1
Cmd: translateComputeKernel
  api=14 insize=4723 outsize=5332 ok=1
Cmd: translateComputeKernel
  api=14 insize=4872 outsize=5583 ok=1
Cmd: translateComputeKernel
  api=14 insize=4110 outsize=3996 ok=1
Cmd: translateComputeKernel
  api=14 insize=4111 outsize=3982 ok=1
Cmd: translateComputeKernel
  api=14 insize=4317 outsize=4319 ok=1
Cmd: translateComputeKernel
  api=14 insize=4230 outsize=4115 ok=1
Cmd: translateComputeKernel
  api=14 insize=4643 outsize=4791 ok=1
Cmd: compileComputeKernel
  api=14 insize=73605 outsize=13973 ok=1
Cmd: compileComputeKernel
  api=14 insize=73605 outsize=8160 ok=1
Cmd: translateComputeKernel
  api=14 insize=9225 outsize=18335 ok=1
Cmd: translateComputeKernel
  api=14 insize=5044 outsize=8071 ok=1
Cmd: translateComputeKernel
  api=14 insize=8160 outsize=14044 ok=1
Cmd: compileComputeKernel
  api=14 insize=33531 outsize=2247 ok=1
Cmd: compileComputeKernel
  api=14 insize=33531 outsize=1223 ok=1
Cmd: compileComputeKernel
  api=14 insize=33531 outsize=2477 ok=1
Cmd: compileComputeKernel
  api=14 insize=33531 outsize=2495 ok=1
Cmd: compileComputeKernel
  api=14 insize=33531 outsize=2173 ok=1
Cmd: compileComputeKernel
  api=14 insize=33531 outsize=2188 ok=1
Cmd: compileComputeKernel
  api=14 insize=33531 outsize=2793 ok=1
Cmd: compileComputeKernel
  api=14 insize=33531 outsize=2992 ok=1
Cmd: compileComputeKernel
  api=14 insize=33531 outsize=2855 ok=1
Cmd: compileComputeKernel
  api=14 insize=33531 outsize=2831 ok=1
Cmd: compileComputeKernel
  api=14 insize=33531 outsize=2783 ok=1
Cmd: compileComputeKernel
  api=14 insize=33531 outsize=2841 ok=1
Cmd: compileComputeKernel
  api=14 insize=33531 outsize=2859 ok=1
Cmd: translateComputeKernel
  api=14 insize=2407 outsize=2377 ok=1
Cmd: translateComputeKernel
  api=14 insize=2605 outsize=2648 ok=1
Cmd: translateComputeKernel
  api=14 insize=1598 outsize=1648 ok=1
Cmd: translateComputeKernel
  api=14 insize=2446 outsize=2433 ok=1
Cmd: translateComputeKernel
  api=14 insize=2396 outsize=2318 ok=1
Cmd: translateComputeKernel
  api=14 insize=2443 outsize=2424 ok=1
Cmd: translateComputeKernel
  api=14 insize=2954 outsize=3410 ok=1
Cmd: translateComputeKernel
  api=14 insize=3121 outsize=3659 ok=1
Cmd: translateComputeKernel
  api=14 insize=2979 outsize=3629 ok=1
Cmd: translateComputeKernel
  api=14 insize=3068 outsize=3606 ok=1
Cmd: translateComputeKernel
  api=14 insize=2944 outsize=3407 ok=1
Cmd: translateComputeKernel
  api=14 insize=2917 outsize=3368 ok=1
Cmd: translateComputeKernel
  api=14 insize=3251 outsize=3962 ok=1
Cmd: compileComputeKernel
  api=14 insize=75191 outsize=13668 ok=1
Cmd: compileComputeKernel
  api=14 insize=75191 outsize=32678 ok=1
Cmd: compileComputeKernel
  api=14 insize=75191 outsize=4508 ok=1
Cmd: compileComputeKernel
  api=14 insize=75191 outsize=5149 ok=1
Cmd: compileComputeKernel
  api=14 insize=75191 outsize=3301 ok=1
Cmd: compileComputeKernel
  api=14 insize=75191 outsize=14212 ok=1
Cmd: translateComputeKernel
  api=14 insize=27011 outsize=56946 ok=1
Cmd: translateComputeKernel
  api=14 insize=32944 outsize=65091 ok=1
Cmd: compileComputeKernel
  api=14 insize=4434 outsize=3014 ok=1
Cmd: translateComputeKernel
  api=14 insize=3006 outsize=4071 ok=1
Cmd: initializeCompiler
Cmd: compileComputeKernel
  api=14 insize=18731 outsize=9901 ok=1
Cmd: translateComputeKernel
  api=14 insize=9678 outsize=16573 ok=1
Cmd: compileComputeKernel
  api=14 insize=11176 outsize=10544 ok=1
Cmd: compileComputeKernel
  api=14 insize=3174 outsize=815 ok=1
