Base path: '/Applications/Unity/Hub/Editor/2019.3.10f1/Unity.app/Contents', plugins path '/Applications/Unity/Hub/Editor/2019.3.10f1/PlaybackEngines'
Cmd: initializeCompiler
Cmd: compileSnippet
  api=14 type=0 insize=11846 outsize=2668 kw=SHADOWS_SPLIT_SPHERES pd=UNITY_ENABLE_REFLECTION_BUFFERS UNITY_USE_DITHER_MASK_FOR_ALPHABLENDED_SHADOWS UNITY_PBS_USE_BRDF1 UNITY_SPECCUBE_BOX_PROJECTION UNITY_SPECCUBE_BLENDING UNITY_ENABLE_DETAIL_NORMALMAP SHADER_API_DESKTOP UNITY_COLORSPACE_GAMMA UNITY_LIGHT_PROBE_PROXY_VOLUME UNITY_LIGHTMAP_FULL_HDR ok=1
Cmd: initializeCompiler
Cmd: compileComputeKernel
  api=14 insize=12081 outsize=3227 ok=1
Cmd: compileComputeKernel
  api=14 insize=12081 outsize=3739 ok=1
Cmd: compileComputeKernel
  api=14 insize=12081 outsize=2988 ok=1
Cmd: translateComputeKernel
  api=14 insize=3457 outsize=4240 ok=1
Cmd: translateComputeKernel
  api=14 insize=4522 outsize=5936 ok=1
Cmd: compileComputeKernel
  api=14 insize=12124 outsize=3103 ok=1
Cmd: compileComputeKernel
  api=14 insize=12124 outsize=3258 ok=1
Cmd: compileComputeKernel
  api=14 insize=12124 outsize=3132 ok=1
Cmd: compileComputeKernel
  api=14 insize=12124 outsize=3282 ok=1
Cmd: translateComputeKernel
  api=14 insize=3173 outsize=4471 ok=1
Cmd: translateComputeKernel
  api=14 insize=3258 outsize=4613 ok=1
Cmd: translateComputeKernel
  api=14 insize=3202 outsize=4514 ok=1
Cmd: translateComputeKernel
  api=14 insize=3352 outsize=4765 ok=1
Cmd: compileComputeKernel
  api=14 insize=19771 outsize=3685 ok=1
Cmd: compileComputeKernel
  api=14 insize=19771 outsize=4804 ok=1
Cmd: translateComputeKernel
  api=14 insize=4809 outsize=8104 ok=1
Cmd: translateComputeKernel
  api=14 insize=7465 outsize=13326 ok=1
Cmd: compileComputeKernel
  api=14 insize=59196 outsize=13167 ok=1
Cmd: compileComputeKernel
  api=14 insize=59196 outsize=3648 ok=1
Cmd: compileComputeKernel
  api=14 insize=59196 outsize=3487 ok=1
Cmd: compileComputeKernel
  api=14 insize=59196 outsize=3439 ok=1
Cmd: compileComputeKernel
  api=14 insize=59196 outsize=3492 ok=1
Cmd: compileComputeKernel
  api=14 insize=59196 outsize=4047 ok=1
Cmd: compileComputeKernel
  api=14 insize=59196 outsize=4047 ok=1
Cmd: compileComputeKernel
  api=14 insize=59196 outsize=4076 ok=1
Cmd: compileComputeKernel
  api=14 insize=59196 outsize=4226 ok=1
Cmd: compileComputeKernel
  api=14 insize=59196 outsize=3429 ok=1
Cmd: compileComputeKernel
  api=14 insize=59196 outsize=3430 ok=1
Cmd: compileComputeKernel
  api=14 insize=59196 outsize=3722 ok=1
Cmd: compileComputeKernel
  api=14 insize=59196 outsize=3555 ok=1
Cmd: translateComputeKernel
  api=14 insize=5649 outsize=7627 ok=1
Cmd: translateComputeKernel
  api=14 insize=4439 outsize=4537 ok=1
Cmd: translateComputeKernel
  api=14 insize=4750 outsize=5471 ok=1
Cmd: translateComputeKernel
  api=14 insize=4304 outsize=4467 ok=1
Cmd: translateComputeKernel
  api=14 insize=6151 outsize=7936 ok=1
Cmd: translateComputeKernel
  api=14 insize=4138 outsize=3997 ok=1
Cmd: translateComputeKernel
  api=14 insize=4297 outsize=4212 ok=1
Cmd: translateComputeKernel
  api=14 insize=4120 outsize=3961 ok=1
Cmd: translateComputeKernel
  api=14 insize=4145 outsize=3952 ok=1
Cmd: translateComputeKernel
  api=14 insize=4698 outsize=5292 ok=1
Cmd: translateComputeKernel
  api=14 insize=5134 outsize=6084 ok=1
Cmd: translateComputeKernel
  api=14 insize=4726 outsize=5335 ok=1
Cmd: translateComputeKernel
  api=14 insize=4724 outsize=5334 ok=1
Cmd: translateComputeKernel
  api=14 insize=4135 outsize=3970 ok=1
Cmd: translateComputeKernel
  api=14 insize=4110 outsize=3981 ok=1
Cmd: translateComputeKernel
  api=14 insize=5646 outsize=7148 ok=1
Cmd: translateComputeKernel
  api=14 insize=4177 outsize=4013 ok=1
Cmd: compileComputeKernel
  api=14 insize=73605 outsize=9645 ok=1
Cmd: translateComputeKernel
  api=14 insize=9645 outsize=17899 ok=1
Cmd: compileComputeKernel
  api=14 insize=33531 outsize=1166 ok=1
Cmd: compileComputeKernel
  api=14 insize=33531 outsize=2382 ok=1
Cmd: compileComputeKernel
  api=14 insize=33531 outsize=1345 ok=1
Cmd: compileComputeKernel
  api=14 insize=33531 outsize=2173 ok=1
Cmd: compileComputeKernel
  api=14 insize=33531 outsize=2231 ok=1
Cmd: compileComputeKernel
  api=14 insize=33531 outsize=2764 ok=1
Cmd: compileComputeKernel
  api=14 insize=33531 outsize=3433 ok=1
Cmd: compileComputeKernel
  api=14 insize=33531 outsize=2992 ok=1
Cmd: compileComputeKernel
  api=14 insize=33531 outsize=2832 ok=1
Cmd: compileComputeKernel
  api=14 insize=33531 outsize=2808 ok=1
Cmd: compileComputeKernel
  api=14 insize=33531 outsize=2720 ok=1
Cmd: compileComputeKernel
  api=14 insize=33531 outsize=2778 ok=1
Cmd: compileComputeKernel
  api=14 insize=33531 outsize=2859 ok=1
Cmd: translateComputeKernel
  api=14 insize=2409 outsize=2361 ok=1
Cmd: translateComputeKernel
  api=14 insize=2545 outsize=2508 ok=1
Cmd: translateComputeKernel
  api=14 insize=2426 outsize=2364 ok=1
Cmd: translateComputeKernel
  api=14 insize=2694 outsize=2769 ok=1
Cmd: translateComputeKernel
  api=14 insize=2385 outsize=2303 ok=1
Cmd: translateComputeKernel
  api=14 insize=2931 outsize=3548 ok=1
Cmd: translateComputeKernel
  api=14 insize=3153 outsize=3713 ok=1
Cmd: translateComputeKernel
  api=14 insize=3016 outsize=3485 ok=1
Cmd: translateComputeKernel
  api=14 insize=2899 outsize=3556 ok=1
Cmd: translateComputeKernel
  api=14 insize=2881 outsize=3520 ok=1
Cmd: translateComputeKernel
  api=14 insize=2909 outsize=3557 ok=1
Cmd: translateComputeKernel
  api=14 insize=2898 outsize=3542 ok=1
Cmd: compileComputeKernel
  api=14 insize=75191 outsize=12609 ok=1
Cmd: compileComputeKernel
  api=14 insize=75191 outsize=22570 ok=1
Cmd: compileComputeKernel
  api=14 insize=75191 outsize=5824 ok=1
Cmd: compileComputeKernel
  api=14 insize=75191 outsize=5824 ok=1
Cmd: compileComputeKernel
  api=14 insize=75191 outsize=4508 ok=1
Cmd: compileComputeKernel
  api=14 insize=75191 outsize=5149 ok=1
Cmd: compileComputeKernel
  api=14 insize=75191 outsize=2912 ok=1
Cmd: compileComputeKernel
  api=14 insize=75191 outsize=3365 ok=1
Cmd: compileComputeKernel
  api=14 insize=75191 outsize=6699 ok=1
Cmd: translateComputeKernel
  api=14 insize=12735 outsize=22884 ok=1
Cmd: translateComputeKernel
  api=14 insize=24591 outsize=50640 ok=1
Cmd: translateComputeKernel
  api=14 insize=3078 outsize=3738 ok=1
Cmd: translateComputeKernel
  api=14 insize=3474 outsize=4671 ok=1
Cmd: translateComputeKernel
  api=14 insize=13637 outsize=26114 ok=1
Cmd: compileComputeKernel
  api=14 insize=4434 outsize=2713 ok=1
Cmd: translateComputeKernel
  api=14 insize=3072 outsize=4163 ok=1
Cmd: initializeCompiler
Cmd: compileComputeKernel
  api=14 insize=18731 outsize=9597 ok=1
Cmd: translateComputeKernel
  api=14 insize=9597 outsize=16409 ok=1
Cmd: translateComputeKernel
  api=14 insize=11447 outsize=25062 ok=1
Cmd: compileComputeKernel
  api=14 insize=3532 outsize=3386 ok=1
Cmd: translateComputeKernel
  api=14 insize=3205 outsize=5289 ok=1
Cmd: translateComputeKernel
  api=14 insize=876 outsize=807 ok=1
