Base path: '/Applications/Unity/Hub/Editor/2019.3.10f1/Unity.app/Contents', plugins path '/Applications/Unity/Hub/Editor/2019.3.10f1/PlaybackEngines'
Cmd: initializeCompiler
Cmd: compileSnippet
  api=14 type=1 insize=1602 outsize=15697 kw=UNITY_PASS_FORWARDBASE DIRECTIONAL SHADOWS_SCREEN LIGHTPROBE_SH pd=UNITY_ENABLE_REFLECTION_BUFFERS UNITY_USE_DITHER_MASK_FOR_ALPHABLENDED_SHADOWS UNITY_PBS_USE_BRDF1 UNITY_SPECCUBE_BOX_PROJECTION UNITY_SPECCUBE_BLENDING UNITY_ENABLE_DETAIL_NORMALMAP SHADER_API_DESKTOP UNITY_COLORSPACE_GAMMA UNITY_LIGHT_PROBE_PROXY_VOLUME UNITY_LIGHTMAP_FULL_HDR ok=1
Cmd: compileSnippet
  api=14 type=1 insize=1460 outsize=7586 kw=UNITY_PASS_FORWARDADD POINT pd=UNITY_ENABLE_REFLECTION_BUFFERS UNITY_USE_DITHER_MASK_FOR_ALPHABLENDED_SHADOWS UNITY_PBS_USE_BRDF1 UNITY_SPECCUBE_BOX_PROJECTION UNITY_SPECCUBE_BLENDING UNITY_ENABLE_DETAIL_NORMALMAP SHADER_API_DESKTOP UNITY_COLORSPACE_GAMMA UNITY_LIGHT_PROBE_PROXY_VOLUME UNITY_LIGHTMAP_FULL_HDR ok=1
Cmd: compileSnippet
  api=14 type=0 insize=1602 outsize=3445 kw=UNITY_PASS_FORWARDBASE DIRECTIONAL pd=UNITY_ENABLE_REFLECTION_BUFFERS UNITY_USE_DITHER_MASK_FOR_ALPHABLENDED_SHADOWS UNITY_PBS_USE_BRDF1 UNITY_SPECCUBE_BOX_PROJECTION UNITY_SPECCUBE_BLENDING UNITY_ENABLE_DETAIL_NORMALMAP SHADER_API_DESKTOP UNITY_COLORSPACE_GAMMA UNITY_LIGHT_PROBE_PROXY_VOLUME UNITY_LIGHTMAP_FULL_HDR ok=1
Cmd: initializeCompiler
Cmd: compileComputeKernel
  api=14 insize=12081 outsize=3286 ok=1
Cmd: compileComputeKernel
  api=14 insize=12081 outsize=3203 ok=1
Cmd: compileComputeKernel
  api=14 insize=12081 outsize=3204 ok=1
Cmd: translateComputeKernel
  api=14 insize=2985 outsize=3115 ok=1
Cmd: translateComputeKernel
  api=14 insize=3773 outsize=4536 ok=1
Cmd: translateComputeKernel
  api=14 insize=4138 outsize=5719 ok=1
Cmd: compileComputeKernel
  api=14 insize=12124 outsize=3103 ok=1
Cmd: compileComputeKernel
  api=14 insize=12124 outsize=3103 ok=1
Cmd: compileComputeKernel
  api=14 insize=12124 outsize=3135 ok=1
Cmd: compileComputeKernel
  api=14 insize=12124 outsize=3133 ok=1
Cmd: translateComputeKernel
  api=14 insize=3173 outsize=4471 ok=1
Cmd: translateComputeKernel
  api=14 insize=3173 outsize=4475 ok=1
Cmd: translateComputeKernel
  api=14 insize=3205 outsize=4517 ok=1
Cmd: translateComputeKernel
  api=14 insize=3203 outsize=4516 ok=1
Cmd: compileComputeKernel
  api=14 insize=19771 outsize=3781 ok=1
Cmd: compileComputeKernel
  api=14 insize=19771 outsize=4551 ok=1
Cmd: translateComputeKernel
  api=14 insize=3803 outsize=5129 ok=1
Cmd: translateComputeKernel
  api=14 insize=4973 outsize=8185 ok=1
Cmd: translateComputeKernel
  api=14 insize=7227 outsize=12471 ok=1
Cmd: compileComputeKernel
  api=14 insize=59196 outsize=4976 ok=1
Cmd: compileComputeKernel
  api=14 insize=59196 outsize=3707 ok=1
Cmd: compileComputeKernel
  api=14 insize=59196 outsize=3817 ok=1
Cmd: compileComputeKernel
  api=14 insize=59196 outsize=3535 ok=1
Cmd: compileComputeKernel
  api=14 insize=59196 outsize=3775 ok=1
Cmd: compileComputeKernel
  api=14 insize=59196 outsize=3452 ok=1
Cmd: compileComputeKernel
  api=14 insize=59196 outsize=3438 ok=1
Cmd: compileComputeKernel
  api=14 insize=59196 outsize=3810 ok=1
Cmd: compileComputeKernel
  api=14 insize=59196 outsize=3449 ok=1
Cmd: compileComputeKernel
  api=14 insize=59196 outsize=3675 ok=1
Cmd: compileComputeKernel
  api=14 insize=59196 outsize=3905 ok=1
Cmd: compileComputeKernel
  api=14 insize=59196 outsize=4051 ok=1
Cmd: compileComputeKernel
  api=14 insize=59196 outsize=4487 ok=1
Cmd: compileComputeKernel
  api=14 insize=59196 outsize=4084 ok=1
Cmd: compileComputeKernel
  api=14 insize=59196 outsize=4225 ok=1
Cmd: compileComputeKernel
  api=14 insize=59196 outsize=3429 ok=1
Cmd: compileComputeKernel
  api=14 insize=59196 outsize=4138 ok=1
Cmd: compileComputeKernel
  api=14 insize=59196 outsize=3577 ok=1
Cmd: compileComputeKernel
  api=14 insize=59196 outsize=3555 ok=1
Cmd: translateComputeKernel
  api=14 insize=4540 outsize=4705 ok=1
Cmd: translateComputeKernel
  api=14 insize=5798 outsize=8102 ok=1
Cmd: translateComputeKernel
  api=14 insize=4802 outsize=5750 ok=1
Cmd: translateComputeKernel
  api=14 insize=4544 outsize=4753 ok=1
Cmd: translateComputeKernel
  api=14 insize=4360 outsize=4337 ok=1
Cmd: translateComputeKernel
  api=14 insize=4096 outsize=3917 ok=1
Cmd: translateComputeKernel
  api=14 insize=4178 outsize=4052 ok=1
Cmd: translateComputeKernel
  api=14 insize=4491 outsize=4578 ok=1
Cmd: translateComputeKernel
  api=14 insize=4192 outsize=4038 ok=1
Cmd: translateComputeKernel
  api=14 insize=4224 outsize=4157 ok=1
Cmd: translateComputeKernel
  api=14 insize=4297 outsize=4212 ok=1
Cmd: translateComputeKernel
  api=14 insize=4093 outsize=3921 ok=1
Cmd: translateComputeKernel
  api=14 insize=4137 outsize=3983 ok=1
Cmd: translateComputeKernel
  api=14 insize=4145 outsize=3962 ok=1
Cmd: translateComputeKernel
  api=14 insize=4698 outsize=5292 ok=1
Cmd: translateComputeKernel
  api=14 insize=4694 outsize=5293 ok=1
Cmd: translateComputeKernel
  api=14 insize=4726 outsize=5335 ok=1
Cmd: translateComputeKernel
  api=14 insize=4728 outsize=5338 ok=1
Cmd: translateComputeKernel
  api=14 insize=4873 outsize=5584 ok=1
Cmd: translateComputeKernel
  api=14 insize=4155 outsize=4131 ok=1
Cmd: translateComputeKernel
  api=14 insize=4317 outsize=4329 ok=1
Cmd: translateComputeKernel
  api=14 insize=4230 outsize=4125 ok=1
Cmd: translateComputeKernel
  api=14 insize=4643 outsize=4824 ok=1
Cmd: compileComputeKernel
  api=14 insize=73605 outsize=9225 ok=1
Cmd: compileComputeKernel
  api=14 insize=73605 outsize=8160 ok=1
Cmd: translateComputeKernel
  api=14 insize=9225 outsize=18335 ok=1
Cmd: translateComputeKernel
  api=14 insize=5044 outsize=8071 ok=1
Cmd: translateComputeKernel
  api=14 insize=8160 outsize=14044 ok=1
Cmd: compileComputeKernel
  api=14 insize=33531 outsize=2249 ok=1
Cmd: compileComputeKernel
  api=14 insize=33531 outsize=2641 ok=1
Cmd: compileComputeKernel
  api=14 insize=33531 outsize=1319 ok=1
Cmd: compileComputeKernel
  api=14 insize=33531 outsize=2277 ok=1
Cmd: compileComputeKernel
  api=14 insize=33531 outsize=2146 ok=1
Cmd: compileComputeKernel
  api=14 insize=33531 outsize=2344 ok=1
Cmd: compileComputeKernel
  api=14 insize=33531 outsize=2730 ok=1
Cmd: compileComputeKernel
  api=14 insize=33531 outsize=2956 ok=1
Cmd: compileComputeKernel
  api=14 insize=33531 outsize=2818 ok=1
Cmd: compileComputeKernel
  api=14 insize=33531 outsize=2937 ok=1
Cmd: compileComputeKernel
  api=14 insize=33531 outsize=2760 ok=1
Cmd: compileComputeKernel
  api=14 insize=33531 outsize=2756 ok=1
Cmd: compileComputeKernel
  api=14 insize=33531 outsize=3103 ok=1
Cmd: translateComputeKernel
  api=14 insize=1419 outsize=1449 ok=1
Cmd: translateComputeKernel
  api=14 insize=2703 outsize=2895 ok=1
Cmd: translateComputeKernel
  api=14 insize=1572 outsize=1659 ok=1
Cmd: translateComputeKernel
  api=14 insize=2500 outsize=2474 ok=1
Cmd: translateComputeKernel
  api=14 insize=2368 outsize=2280 ok=1
Cmd: translateComputeKernel
  api=14 insize=2428 outsize=2397 ok=1
Cmd: translateComputeKernel
  api=14 insize=2383 outsize=2290 ok=1
Cmd: translateComputeKernel
  api=14 insize=2902 outsize=3514 ok=1
Cmd: translateComputeKernel
  api=14 insize=3527 outsize=4625 ok=1
Cmd: translateComputeKernel
  api=14 insize=3130 outsize=3823 ok=1
Cmd: translateComputeKernel
  api=14 insize=2953 outsize=3589 ok=1
Cmd: translateComputeKernel
  api=14 insize=2962 outsize=3444 ok=1
Cmd: translateComputeKernel
  api=14 insize=2944 outsize=3408 ok=1
Cmd: translateComputeKernel
  api=14 insize=2972 outsize=3449 ok=1
Cmd: translateComputeKernel
  api=14 insize=2961 outsize=3430 ok=1
Cmd: compileComputeKernel
  api=14 insize=75191 outsize=9312 ok=1
Cmd: compileComputeKernel
  api=14 insize=75191 outsize=32113 ok=1
Cmd: compileComputeKernel
  api=14 insize=75191 outsize=28394 ok=1
Cmd: translateComputeKernel
  api=14 insize=4257 outsize=6625 ok=1
Cmd: translateComputeKernel
  api=14 insize=27396 outsize=57801 ok=1
Cmd: translateComputeKernel
  api=14 insize=28428 outsize=54084 ok=1
Cmd: compileComputeKernel
  api=14 insize=4434 outsize=2948 ok=1
Cmd: translateComputeKernel
  api=14 insize=3006 outsize=4098 ok=1
Cmd: initializeCompiler
Cmd: compileComputeKernel
  api=14 insize=18731 outsize=9370 ok=1
Cmd: translateComputeKernel
  api=14 insize=9375 outsize=16169 ok=1
Cmd: translateComputeKernel
  api=14 insize=11742 outsize=25434 ok=1
Cmd: compileComputeKernel
  api=14 insize=5032 outsize=7304 ok=1
Cmd: compileComputeKernel
  api=14 insize=1864 outsize=1153 ok=1
Cmd: compileComputeKernel
  api=14 insize=11176 outsize=11445 ok=1
Cmd: translateComputeKernel
  api=14 insize=11445 outsize=22649 ok=1
