Base path: '/Applications/Unity/Hub/Editor/2019.3.10f1/Unity.app/Contents', plugins path '/Applications/Unity/Hub/Editor/2019.3.10f1/PlaybackEngines'
Cmd: initializeCompiler
Cmd: compileSnippet
  api=14 type=0 insize=1602 outsize=4151 kw=UNITY_PASS_FORWARDBASE DIRECTIONAL SHADOWS_SCREEN LIGHTPROBE_SH pd=UNITY_ENABLE_REFLECTION_BUFFERS UNITY_USE_DITHER_MASK_FOR_ALPHABLENDED_SHADOWS UNITY_PBS_USE_BRDF1 UNITY_SPECCUBE_BOX_PROJECTION UNITY_SPECCUBE_BLENDING UNITY_ENABLE_DETAIL_NORMALMAP SHADER_API_DESKTOP UNITY_COLORSPACE_GAMMA UNITY_LIGHT_PROBE_PROXY_VOLUME UNITY_LIGHTMAP_FULL_HDR ok=1
Cmd: initializeCompiler
Cmd: compileComputeKernel
  api=14 insize=12081 outsize=2755 ok=1
Cmd: compileComputeKernel
  api=14 insize=12081 outsize=3656 ok=1
Cmd: compileComputeKernel
  api=14 insize=12081 outsize=4103 ok=1
Cmd: translateComputeKernel
  api=14 insize=3057 outsize=3262 ok=1
Cmd: translateComputeKernel
  api=14 insize=3781 outsize=4481 ok=1
Cmd: translateComputeKernel
  api=14 insize=4138 outsize=5715 ok=1
Cmd: compileComputeKernel
  api=14 insize=12124 outsize=3103 ok=1
Cmd: compileComputeKernel
  api=14 insize=12124 outsize=3103 ok=1
Cmd: compileComputeKernel
  api=14 insize=12124 outsize=3140 ok=1
Cmd: compileComputeKernel
  api=14 insize=12124 outsize=3133 ok=1
Cmd: translateComputeKernel
  api=14 insize=3173 outsize=4471 ok=1
Cmd: translateComputeKernel
  api=14 insize=3173 outsize=4475 ok=1
Cmd: translateComputeKernel
  api=14 insize=3202 outsize=4514 ok=1
Cmd: translateComputeKernel
  api=14 insize=3352 outsize=4765 ok=1
Cmd: compileComputeKernel
  api=14 insize=19771 outsize=4611 ok=1
Cmd: compileComputeKernel
  api=14 insize=19771 outsize=7133 ok=1
Cmd: translateComputeKernel
  api=14 insize=4809 outsize=8068 ok=1
Cmd: compileComputeKernel
  api=14 insize=59196 outsize=5238 ok=1
Cmd: compileComputeKernel
  api=14 insize=59196 outsize=4759 ok=1
Cmd: compileComputeKernel
  api=14 insize=59196 outsize=4157 ok=1
Cmd: compileComputeKernel
  api=14 insize=59196 outsize=3929 ok=1
Cmd: compileComputeKernel
  api=14 insize=59196 outsize=3738 ok=1
Cmd: compileComputeKernel
  api=14 insize=59196 outsize=3415 ok=1
Cmd: compileComputeKernel
  api=14 insize=59196 outsize=3759 ok=1
Cmd: compileComputeKernel
  api=14 insize=59196 outsize=3449 ok=1
Cmd: compileComputeKernel
  api=14 insize=59196 outsize=3675 ok=1
Cmd: compileComputeKernel
  api=14 insize=59196 outsize=3412 ok=1
Cmd: compileComputeKernel
  api=14 insize=59196 outsize=3708 ok=1
Cmd: compileComputeKernel
  api=14 insize=59196 outsize=4047 ok=1
Cmd: compileComputeKernel
  api=14 insize=59196 outsize=4202 ok=1
Cmd: compileComputeKernel
  api=14 insize=59196 outsize=4081 ok=1
Cmd: compileComputeKernel
  api=14 insize=59196 outsize=4226 ok=1
Cmd: compileComputeKernel
  api=14 insize=59196 outsize=3429 ok=1
Cmd: compileComputeKernel
  api=14 insize=59196 outsize=5588 ok=1
Cmd: compileComputeKernel
  api=14 insize=59196 outsize=3908 ok=1
Cmd: translateComputeKernel
  api=14 insize=13681 outsize=23209 ok=1
Cmd: translateComputeKernel
  api=14 insize=4694 outsize=5289 ok=1
Cmd: translateComputeKernel
  api=14 insize=4694 outsize=5293 ok=1
Cmd: translateComputeKernel
  api=14 insize=4731 outsize=5341 ok=1
Cmd: translateComputeKernel
  api=14 insize=4724 outsize=5334 ok=1
Cmd: translateComputeKernel
  api=14 insize=4135 outsize=3970 ok=1
Cmd: translateComputeKernel
  api=14 insize=4151 outsize=4070 ok=1
Cmd: translateComputeKernel
  api=14 insize=6060 outsize=7766 ok=1
Cmd: compileComputeKernel
  api=14 insize=73605 outsize=13973 ok=1
Cmd: compileComputeKernel
  api=14 insize=73605 outsize=5044 ok=1
Cmd: translateComputeKernel
  api=14 insize=4093 outsize=7232 ok=1
Cmd: translateComputeKernel
  api=14 insize=6805 outsize=11385 ok=1
Cmd: compileComputeKernel
  api=14 insize=33531 outsize=2152 ok=1
Cmd: compileComputeKernel
  api=14 insize=33531 outsize=2278 ok=1
Cmd: compileComputeKernel
  api=14 insize=33531 outsize=2231 ok=1
Cmd: compileComputeKernel
  api=14 insize=33531 outsize=2327 ok=1
Cmd: compileComputeKernel
  api=14 insize=33531 outsize=2268 ok=1
Cmd: compileComputeKernel
  api=14 insize=33531 outsize=2326 ok=1
Cmd: compileComputeKernel
  api=14 insize=33531 outsize=2741 ok=1
Cmd: compileComputeKernel
  api=14 insize=33531 outsize=3019 ok=1
Cmd: compileComputeKernel
  api=14 insize=33531 outsize=2841 ok=1
Cmd: compileComputeKernel
  api=14 insize=33531 outsize=2937 ok=1
Cmd: compileComputeKernel
  api=14 insize=33531 outsize=2783 ok=1
Cmd: compileComputeKernel
  api=14 insize=33531 outsize=2733 ok=1
Cmd: compileComputeKernel
  api=14 insize=33531 outsize=3103 ok=1
Cmd: translateComputeKernel
  api=14 insize=1410 outsize=1434 ok=1
Cmd: translateComputeKernel
  api=14 insize=2378 outsize=2283 ok=1
Cmd: translateComputeKernel
  api=14 insize=1875 outsize=2029 ok=1
Cmd: translateComputeKernel
  api=14 insize=2492 outsize=2463 ok=1
Cmd: translateComputeKernel
  api=14 insize=1458 outsize=1512 ok=1
Cmd: translateComputeKernel
  api=14 insize=2341 outsize=2245 ok=1
Cmd: translateComputeKernel
  api=14 insize=1481 outsize=1562 ok=1
Cmd: translateComputeKernel
  api=14 insize=2862 outsize=3488 ok=1
Cmd: translateComputeKernel
  api=14 insize=3527 outsize=4625 ok=1
Cmd: translateComputeKernel
  api=14 insize=3090 outsize=3797 ok=1
Cmd: translateComputeKernel
  api=14 insize=3016 outsize=3485 ok=1
Cmd: translateComputeKernel
  api=14 insize=2962 outsize=3444 ok=1
Cmd: translateComputeKernel
  api=14 insize=2881 outsize=3519 ok=1
Cmd: translateComputeKernel
  api=14 insize=2854 outsize=3484 ok=1
Cmd: translateComputeKernel
  api=14 insize=3251 outsize=3962 ok=1
Cmd: compileComputeKernel
  api=14 insize=75191 outsize=26977 ok=1
Cmd: translateComputeKernel
  api=14 insize=9346 outsize=18278 ok=1
Cmd: translateComputeKernel
  api=14 insize=22604 outsize=47054 ok=1
Cmd: translateComputeKernel
  api=14 insize=5858 outsize=9983 ok=1
Cmd: translateComputeKernel
  api=14 insize=5858 outsize=10009 ok=1
Cmd: translateComputeKernel
  api=14 insize=4542 outsize=7288 ok=1
Cmd: translateComputeKernel
  api=14 insize=4542 outsize=7285 ok=1
Cmd: translateComputeKernel
  api=14 insize=5183 outsize=9301 ok=1
Cmd: translateComputeKernel
  api=14 insize=3538 outsize=4805 ok=1
Cmd: translateComputeKernel
  api=14 insize=14277 outsize=27537 ok=1
Cmd: compileComputeKernel
  api=14 insize=4434 outsize=2713 ok=1
Cmd: translateComputeKernel
  api=14 insize=2771 outsize=3369 ok=1
Cmd: initializeCompiler
Cmd: compileComputeKernel
  api=14 insize=18731 outsize=11282 ok=1
Cmd: translateComputeKernel
  api=14 insize=9901 outsize=16818 ok=1
Cmd: compileComputeKernel
  api=14 insize=5032 outsize=5116 ok=1
Cmd: translateComputeKernel
  api=14 insize=7304 outsize=11321 ok=1
Cmd: compileComputeKernel
  api=14 insize=11176 outsize=10700 ok=1
Cmd: compileComputeKernel
  api=14 insize=2134 outsize=812 ok=1
