Base path: '/Applications/Unity/Hub/Editor/2019.3.10f1/Unity.app/Contents', plugins path '/Applications/Unity/Hub/Editor/2019.3.10f1/PlaybackEngines'
Cmd: initializeCompiler
Cmd: compileSnippet
  api=14 type=1 insize=11846 outsize=11918 kw=SHADOWS_SPLIT_SPHERES pd=UNITY_ENABLE_REFLECTION_BUFFERS UNITY_USE_DITHER_MASK_FOR_ALPHABLENDED_SHADOWS UNITY_PBS_USE_BRDF1 UNITY_SPECCUBE_BOX_PROJECTION UNITY_SPECCUBE_BLENDING UNITY_ENABLE_DETAIL_NORMALMAP SHADER_API_DESKTOP UNITY_COLORSPACE_GAMMA UNITY_LIGHT_PROBE_PROXY_VOLUME UNITY_LIGHTMAP_FULL_HDR ok=1
Cmd: compileSnippet
  api=14 type=0 insize=915 outsize=3697 kw=UNITY_PASS_META EDITOR_VISUALIZATION pd=UNITY_ENABLE_REFLECTION_BUFFERS UNITY_USE_DITHER_MASK_FOR_ALPHABLENDED_SHADOWS UNITY_PBS_USE_BRDF1 UNITY_SPECCUBE_BOX_PROJECTION UNITY_SPECCUBE_BLENDING UNITY_ENABLE_DETAIL_NORMALMAP SHADER_API_DESKTOP UNITY_COLORSPACE_GAMMA UNITY_LIGHT_PROBE_PROXY_VOLUME UNITY_LIGHTMAP_FULL_HDR ok=1
Cmd: compileSnippet
  api=14 type=1 insize=1602 outsize=12209 kw=UNITY_PASS_FORWARDBASE DIRECTIONAL pd=UNITY_ENABLE_REFLECTION_BUFFERS UNITY_USE_DITHER_MASK_FOR_ALPHABLENDED_SHADOWS UNITY_PBS_USE_BRDF1 UNITY_SPECCUBE_BOX_PROJECTION UNITY_SPECCUBE_BLENDING UNITY_ENABLE_DETAIL_NORMALMAP SHADER_API_DESKTOP UNITY_COLORSPACE_GAMMA UNITY_LIGHT_PROBE_PROXY_VOLUME UNITY_LIGHTMAP_FULL_HDR ok=1
Cmd: initializeCompiler
Cmd: compileComputeKernel
  api=14 insize=12081 outsize=2827 ok=1
Cmd: compileComputeKernel
  api=14 insize=12081 outsize=3648 ok=1
Cmd: compileComputeKernel
  api=14 insize=12081 outsize=3842 ok=1
Cmd: translateComputeKernel
  api=14 insize=3121 outsize=3450 ok=1
Cmd: translateComputeKernel
  api=14 insize=3869 outsize=4792 ok=1
Cmd: translateComputeKernel
  api=14 insize=3256 outsize=3557 ok=1
Cmd: compileComputeKernel
  api=14 insize=12124 outsize=3107 ok=1
Cmd: compileComputeKernel
  api=14 insize=12124 outsize=3258 ok=1
Cmd: compileComputeKernel
  api=14 insize=12124 outsize=3132 ok=1
Cmd: compileComputeKernel
  api=14 insize=12124 outsize=3281 ok=1
Cmd: translateComputeKernel
  api=14 insize=3177 outsize=4474 ok=1
Cmd: translateComputeKernel
  api=14 insize=3613 outsize=5266 ok=1
Cmd: translateComputeKernel
  api=14 insize=3207 outsize=4520 ok=1
Cmd: translateComputeKernel
  api=14 insize=3352 outsize=4766 ok=1
Cmd: compileComputeKernel
  api=14 insize=19771 outsize=4611 ok=1
Cmd: compileComputeKernel
  api=14 insize=19771 outsize=7089 ok=1
Cmd: translateComputeKernel
  api=14 insize=3795 outsize=5146 ok=1
Cmd: translateComputeKernel
  api=14 insize=4885 outsize=8154 ok=1
Cmd: translateComputeKernel
  api=14 insize=6919 outsize=12151 ok=1
Cmd: compileComputeKernel
  api=14 insize=59196 outsize=13835 ok=1
Cmd: compileComputeKernel
  api=14 insize=59196 outsize=3573 ok=1
Cmd: compileComputeKernel
  api=14 insize=59196 outsize=3439 ok=1
Cmd: compileComputeKernel
  api=14 insize=59196 outsize=3515 ok=1
Cmd: compileComputeKernel
  api=14 insize=59196 outsize=4047 ok=1
Cmd: compileComputeKernel
  api=14 insize=59196 outsize=4047 ok=1
Cmd: compileComputeKernel
  api=14 insize=59196 outsize=4084 ok=1
Cmd: compileComputeKernel
  api=14 insize=59196 outsize=4225 ok=1
Cmd: compileComputeKernel
  api=14 insize=59196 outsize=3469 ok=1
Cmd: compileComputeKernel
  api=14 insize=59196 outsize=3470 ok=1
Cmd: compileComputeKernel
  api=14 insize=59196 outsize=3722 ok=1
Cmd: compileComputeKernel
  api=14 insize=59196 outsize=3990 ok=1
Cmd: translateComputeKernel
  api=14 insize=5498 outsize=7030 ok=1
Cmd: translateComputeKernel
  api=14 insize=4359 outsize=4525 ok=1
Cmd: translateComputeKernel
  api=14 insize=4439 outsize=4545 ok=1
Cmd: translateComputeKernel
  api=14 insize=4766 outsize=5611 ok=1
Cmd: translateComputeKernel
  api=14 insize=4456 outsize=4810 ok=1
Cmd: translateComputeKernel
  api=14 insize=4133 outsize=3963 ok=1
Cmd: translateComputeKernel
  api=14 insize=4119 outsize=3934 ok=1
Cmd: translateComputeKernel
  api=14 insize=4440 outsize=4509 ok=1
Cmd: translateComputeKernel
  api=14 insize=4329 outsize=4266 ok=1
Cmd: translateComputeKernel
  api=14 insize=4224 outsize=4157 ok=1
Cmd: translateComputeKernel
  api=14 insize=4703 outsize=5180 ok=1
Cmd: translateComputeKernel
  api=14 insize=4120 outsize=3961 ok=1
Cmd: translateComputeKernel
  api=14 insize=4556 outsize=4688 ok=1
Cmd: translateComputeKernel
  api=14 insize=4389 outsize=4829 ok=1
Cmd: translateComputeKernel
  api=14 insize=5134 outsize=6084 ok=1
Cmd: translateComputeKernel
  api=14 insize=4779 outsize=5431 ok=1
Cmd: translateComputeKernel
  api=14 insize=4728 outsize=5338 ok=1
Cmd: translateComputeKernel
  api=14 insize=4873 outsize=5584 ok=1
Cmd: translateComputeKernel
  api=14 insize=4150 outsize=4069 ok=1
Cmd: translateComputeKernel
  api=14 insize=6186 outsize=8279 ok=1
Cmd: translateComputeKernel
  api=14 insize=4177 outsize=4023 ok=1
Cmd: compileComputeKernel
  api=14 insize=73605 outsize=4093 ok=1
Cmd: compileComputeKernel
  api=14 insize=73605 outsize=7498 ok=1
Cmd: translateComputeKernel
  api=14 insize=4093 outsize=7232 ok=1
Cmd: translateComputeKernel
  api=14 insize=7531 outsize=13602 ok=1
Cmd: compileComputeKernel
  api=14 insize=33531 outsize=2244 ok=1
Cmd: compileComputeKernel
  api=14 insize=33531 outsize=2409 ok=1
Cmd: compileComputeKernel
  api=14 insize=33531 outsize=2245 ok=1
Cmd: compileComputeKernel
  api=14 insize=33531 outsize=2316 ok=1
Cmd: compileComputeKernel
  api=14 insize=33531 outsize=2268 ok=1
Cmd: compileComputeKernel
  api=14 insize=33531 outsize=2249 ok=1
Cmd: compileComputeKernel
  api=14 insize=33531 outsize=2793 ok=1
Cmd: compileComputeKernel
  api=14 insize=33531 outsize=3019 ok=1
Cmd: compileComputeKernel
  api=14 insize=33531 outsize=2778 ok=1
Cmd: compileComputeKernel
  api=14 insize=33531 outsize=2914 ok=1
Cmd: compileComputeKernel
  api=14 insize=33531 outsize=2783 ok=1
Cmd: compileComputeKernel
  api=14 insize=33531 outsize=2693 ok=1
Cmd: compileComputeKernel
  api=14 insize=33531 outsize=3090 ok=1
Cmd: translateComputeKernel
  api=14 insize=2349 outsize=2249 ok=1
Cmd: translateComputeKernel
  api=14 insize=2438 outsize=2399 ok=1
Cmd: translateComputeKernel
  api=14 insize=2440 outsize=2350 ok=1
Cmd: translateComputeKernel
  api=14 insize=2428 outsize=2396 ok=1
Cmd: translateComputeKernel
  api=14 insize=2456 outsize=2438 ok=1
Cmd: translateComputeKernel
  api=14 insize=2925 outsize=3372 ok=1
Cmd: translateComputeKernel
  api=14 insize=3121 outsize=3659 ok=1
Cmd: translateComputeKernel
  api=14 insize=3002 outsize=3499 ok=1
Cmd: translateComputeKernel
  api=14 insize=3068 outsize=3606 ok=1
Cmd: translateComputeKernel
  api=14 insize=2944 outsize=3407 ok=1
Cmd: translateComputeKernel
  api=14 insize=2917 outsize=3368 ok=1
Cmd: translateComputeKernel
  api=14 insize=3264 outsize=3956 ok=1
Cmd: compileComputeKernel
  api=14 insize=75191 outsize=9108 ok=1
Cmd: compileComputeKernel
  api=14 insize=75191 outsize=24557 ok=1
Cmd: compileComputeKernel
  api=14 insize=75191 outsize=13572 ok=1
Cmd: translateComputeKernel
  api=14 insize=13735 outsize=26318 ok=1
Cmd: translateComputeKernel
  api=14 insize=32712 outsize=65154 ok=1
Cmd: compileComputeKernel
  api=14 insize=4434 outsize=3014 ok=1
Cmd: translateComputeKernel
  api=14 insize=2858 outsize=3592 ok=1
Cmd: compileComputeKernel
  api=14 insize=1898 outsize=4426 ok=1
Cmd: translateComputeKernel
  api=14 insize=4426 outsize=8090 ok=1
Cmd: initializeCompiler
Cmd: compileComputeKernel
  api=14 insize=18731 outsize=9375 ok=1
Cmd: compileComputeKernel
  api=14 insize=18731 outsize=11447 ok=1
Cmd: translateComputeKernel
  api=14 insize=11294 outsize=24763 ok=1
Cmd: translateComputeKernel
  api=14 insize=5781 outsize=8380 ok=1
Cmd: compileComputeKernel
  api=14 insize=3158 outsize=48832 ok=1
Cmd: translateComputeKernel
  api=14 insize=48467 outsize=85339 ok=1
Cmd: translateComputeKernel
  api=14 insize=10700 outsize=18699 ok=1
